<?xml version="1.0" encoding="utf-8"?><testsuites name="pytest tests"><testsuite name="pytest" errors="0" failures="0" skipped="0" tests="12" time="2.615" timestamp="2026-04-08T18:44:51.277245-05:00" hostname="MacBook-Pro-de-Esteban.local"><testcase classname="tests.unit.test_smoke" name="test_health_identity" time="0.039" /><testcase classname="tests.unit.test_smoke" name="test_web_login_success_with_permissions_and_access_log" time="0.095" /><testcase classname="tests.unit.test_smoke" name="test_web_login_rejected_logs_failed_attempt" time="0.045" /><testcase classname="tests.unit.test_smoke" name="test_web_login_is_blocked_after_three_failed_attempts" time="0.076" /><testcase classname="tests.unit.test_smoke" name="test_register_user_default_role" time="0.033" /><testcase classname="tests.unit.test_smoke" name="test_register_user_with_explicit_guest_role" time="0.028" /><testcase classname="tests.unit.test_smoke" name="test_register_user_password_confirmation_error" time="0.019" /><testcase classname="tests.unit.test_smoke" name="test_register_user_duplicate_email_error" time="0.037" /><testcase classname="tests.unit.test_smoke" name="test_register_user_invalid_jurisdiction_error" time="0.025" /><testcase classname="tests.unit.test_smoke" name="test_register_user_invalid_document_type_error" time="0.026" /><testcase classname="tests.unit.test_smoke" name="test_get_privacy_notice_by_iso_code" time="0.022" /><testcase classname="tests.unit.test_smoke" name="test_get_privacy_notice_not_found" time="0.025" /></testsuite></testsuites>
